TN:
SF:/home/runner/work/oxo-call/oxo-call/crates/oxo-bench/src/report.rs
FN:17,print_workflow_report
FN:45,print_model_report
FNF:2
FNDA:0,print_workflow_report
FNDA:0,print_model_report
DA:17,0
DA:18,0
DA:19,0
DA:22,0
DA:23,0
DA:26,0
DA:27,0
DA:28,0
DA:30,0
DA:31,0
DA:32,0
DA:33,0
DA:34,0
DA:37,0
DA:45,0
DA:46,0
DA:47,0
DA:50,0
DA:51,0
DA:54,0
DA:55,0
DA:56,0
DA:58,0
DA:59,0
DA:60,0
DA:61,0
DA:62,0
DA:63,0
DA:66,0
DA:162,0
DA:163,0
DA:164,0
DA:167,0
DA:168,0
DA:171,0
DA:172,0
DA:174,0
DA:175,0
DA:176,0
DA:177,0
DA:179,0
DA:180,0
DA:181,0
DA:182,0
DA:183,0
DA:184,0
DA:187,0
DA:199,0
DA:200,0
DA:203,0
DA:204,0
DA:205,0
DA:207,0
DA:208,0
DA:209,0
DA:210,0
DA:211,0
DA:214,0
DA:224,0
DA:225,0
DA:228,0
DA:229,0
DA:230,0
DA:231,0
DA:233,0
DA:234,0
DA:235,0
DA:236,0
DA:237,0
DA:238,0
DA:239,0
DA:242,0
DA:248,0
DA:249,0
DA:250,0
DA:252,0
DA:253,0
DA:254,0
DA:255,0
DA:257,0
DA:260,0
LF:81
LH:0
end_of_record
TN:
SF:/home/runner/work/oxo-call/oxo-call/crates/oxo-bench/src/sim/fastq.rs
FNF:0
DA:112,0
DA:114,0
DA:115,0
DA:116,0
DA:117,0
DA:120,0
DA:121,0
DA:122,0
DA:123,0
DA:124,0
DA:125,0
DA:128,0
DA:129,0
DA:130,0
DA:131,0
DA:132,0
DA:133,0
DA:135,0
LF:18
LH:0
end_of_record
TN:
SF:/home/runner/work/oxo-call/oxo-call/crates/oxo-bench/src/sim/genome.rs
FNF:0
DA:39,0
DA:40,0
DA:42,0
DA:43,0
DA:44,0
DA:45,0
DA:46,0
DA:47,0
DA:48,0
DA:49,0
DA:50,0
DA:51,0
DA:52,0
DA:53,0
DA:54,0
DA:55,0
DA:57,0
DA:59,0
DA:61,0
DA:62,0
DA:63,0
DA:66,0
LF:22
LH:0
end_of_record
TN:
SF:/home/runner/work/oxo-call/oxo-call/src/config.rs
FN:51,McpServerConfig::name
FN:122,<impl Default for Config>::default
FN:146,Config::project_dirs
FN:150,Config::config_dir
FN:162,Config::config_path
FN:166,Config::data_dir
FN:181,Config::load
FN:191,Config::save
FN:206,Config::set
FN:236,Config::get
FN:240,Config::env_string
FN:244,Config::env_parse
FN:259,Config::effective_provider
FN:263,Config::effective_api_token
FN:288,Config::effective_api_base
FN:307,Config::effective_model
FN:325,Config::effective_max_tokens
FN:329,Config::effective_temperature
FN:336,Config::effective_docs_auto_update
FN:341,Config::effective_value
FN:354,Config::effective_source
FNF:21
FNDA:1,McpServerConfig::name
FNDA:1,<impl Default for Config>::default
FNDA:1,Config::project_dirs
FNDA:1,Config::config_dir
FNDA:0,Config::config_path
FNDA:1,Config::data_dir
FNDA:0,Config::load
FNDA:0,Config::save
FNDA:1,Config::set
FNDA:1,Config::get
FNDA:1,Config::env_string
FNDA:3,Config::env_parse
FNDA:1,Config::effective_provider
FNDA:0,Config::effective_api_token
FNDA:1,Config::effective_api_base
FNDA:1,Config::effective_model
FNDA:1,Config::effective_max_tokens
FNDA:1,Config::effective_temperature
FNDA:1,Config::effective_docs_auto_update
FNDA:1,Config::effective_value
FNDA:1,Config::effective_source
DA:51,1
DA:52,2
DA:53,1
DA:55,1
DA:122,1
DA:124,1
DA:132,1
DA:137,1
DA:138,1
DA:139,1
DA:146,1
DA:147,1
DA:150,1
DA:153,1
DA:154,0
DA:156,2
DA:162,0
DA:163,0
DA:166,1
DA:169,2
DA:170,2
DA:172,0
DA:173,0
DA:175,0
DA:181,0
DA:182,0
DA:183,0
DA:184,0
DA:186,0
DA:187,0
DA:188,0
DA:191,0
DA:192,0
DA:193,0
DA:194,0
DA:196,0
DA:197,0
DA:200,0
DA:201,0
DA:202,0
DA:203,0
DA:206,1
DA:208,2
DA:209,2
DA:210,2
DA:211,2
DA:212,1
DA:213,3
DA:214,1
DA:217,1
DA:218,3
DA:219,1
DA:222,1
DA:223,1
DA:224,0
DA:228,1
DA:233,1
DA:236,1
DA:237,1
DA:240,1
DA:241,1
DA:244,3
DA:249,3
DA:250,0
DA:251,0
DA:252,0
DA:255,3
DA:259,1
DA:260,3
DA:263,0
DA:264,0
DA:265,0
DA:268,0
DA:269,0
DA:270,0
DA:272,0
DA:273,0
DA:274,0
DA:276,0
DA:277,0
DA:279,0
DA:280,0
DA:282,0
DA:284,0
DA:288,1
DA:289,1
DA:290,0
DA:292,2
DA:293,1
DA:295,1
DA:297,2
DA:298,3
DA:299,4
DA:300,4
DA:301,4
DA:302,0
DA:307,1
DA:308,1
DA:309,0
DA:311,2
DA:312,1
DA:314,1
DA:316,2
DA:317,3
DA:318,2
DA:319,4
DA:320,4
DA:321,0
DA:325,1
DA:326,1
DA:329,1
DA:331,1
DA:332,1
DA:336,1
DA:337,2
DA:338,1
DA:341,1
DA:343,2
DA:344,1
DA:345,1
DA:346,1
DA:347,1
DA:348,1
DA:349,1
DA:350,1
DA:354,1
DA:356,1
DA:357,2
DA:358,0
DA:360,1
DA:363,1
DA:364,1
DA:365,0
DA:367,1
DA:368,2
DA:369,3
DA:371,1
DA:372,3
DA:373,0
DA:375,0
DA:376,0
DA:378,0
DA:379,0
DA:381,1
DA:382,0
DA:383,3
DA:387,1
DA:389,0
DA:391,2
DA:394,1
DA:395,1
DA:396,0
DA:397,3
DA:401,1
DA:403,0
DA:405,1
DA:408,1
DA:409,1
DA:410,0
DA:411,3
DA:415,3
DA:417,1
DA:419,0
DA:422,1
DA:423,2
DA:424,0
DA:426,1
DA:429,1
DA:430,2
DA:431,0
DA:433,1
DA:436,1
DA:437,2
DA:438,0
DA:440,1
DA:443,1
LF:176
LH:114
end_of_record
TN:
SF:/home/runner/work/oxo-call/oxo-call/src/docs.rs
FN:25,validate_tool_name
FN:69,ToolDocs::combined
FN:98,ToolDocs::is_empty
FN:104,DocsFetcher::new
FN:109,DocsFetcher::fetch
FN:115,DocsFetcher::fetch_no_cache
FN:120,DocsFetcher::fetch_inner
FN:186,DocsFetcher::fetch_help
FN:207,DocsFetcher::detect_version
FN:236,DocsFetcher::run_help_flag
FN:254,DocsFetcher::run_no_args
FN:272,DocsFetcher::run_shell_builtin_help
FN:299,DocsFetcher::load_cache
FN:312,DocsFetcher::save_cache
FN:339,DocsFetcher::remove_cache
FN:349,DocsFetcher::list_cached_tools
FN:368,DocsFetcher::cache_dir
FN:372,DocsFetcher::cache_path
FN:390,DocsFetcher::search_local_docs
FN:431,DocsFetcher::fetch_remote
FN:470,DocsFetcher::fetch_from_file
FN:510,DocsFetcher::fetch_from_dir
FN:561,extract_useful_output
FN:608,is_likely_error
FN:619,looks_like_version
FN:640,clean_version_string
FN:659,truncate_doc
FN:670,deduplicate_check
FN:688,strip_html_tags
FN:721,strip_embedded_help_section
FNF:30
FNDA:1,validate_tool_name
FNDA:1,ToolDocs::combined
FNDA:1,ToolDocs::is_empty
FNDA:1,DocsFetcher::new
FNDA:0,DocsFetcher::fetch
FNDA:0,DocsFetcher::fetch_no_cache
FNDA:0,DocsFetcher::fetch_inner
FNDA:0,DocsFetcher::fetch_help
FNDA:0,DocsFetcher::detect_version
FNDA:0,DocsFetcher::run_help_flag
FNDA:0,DocsFetcher::run_no_args
FNDA:0,DocsFetcher::run_shell_builtin_help
FNDA:0,DocsFetcher::load_cache
FNDA:1,DocsFetcher::save_cache
FNDA:1,DocsFetcher::remove_cache
FNDA:1,DocsFetcher::list_cached_tools
FNDA:1,DocsFetcher::cache_dir
FNDA:1,DocsFetcher::cache_path
FNDA:0,DocsFetcher::search_local_docs
FNDA:4,DocsFetcher::fetch_remote
FNDA:1,DocsFetcher::fetch_from_file
FNDA:1,DocsFetcher::fetch_from_dir
FNDA:0,extract_useful_output
FNDA:1,is_likely_error
FNDA:1,looks_like_version
FNDA:1,clean_version_string
FNDA:1,truncate_doc
FNDA:1,deduplicate_check
FNDA:1,strip_html_tags
FNDA:1,strip_embedded_help_section
DA:25,1
DA:26,1
DA:27,1
DA:28,1
DA:29,1
DA:32,3
DA:33,1
DA:34,1
DA:35,1
DA:38,1
DA:39,1
DA:40,3
DA:42,1
DA:43,1
DA:45,1
DA:48,1
DA:69,1
DA:70,1
DA:72,1
DA:73,2
DA:78,2
DA:81,2
DA:82,1
DA:84,2
DA:86,2
DA:89,1
DA:90,1
DA:91,1
DA:95,2
DA:98,1
DA:99,1
DA:104,1
DA:109,0
DA:110,0
DA:115,0
DA:116,0
DA:120,0
DA:121,0
DA:124,0
DA:131,0
DA:132,0
DA:136,0
DA:137,0
DA:138,0
DA:139,0
DA:147,0
DA:148,0
DA:149,0
DA:151,0
DA:154,0
DA:155,0
DA:156,0
DA:157,0
DA:170,0
DA:171,0
DA:173,0
DA:176,0
DA:186,0
DA:187,0
DA:188,0
DA:189,0
DA:190,0
DA:191,0
DA:192,0
DA:193,0
DA:194,0
DA:195,0
DA:196,0
DA:201,0
DA:203,0
DA:207,0
DA:209,0
DA:210,0
DA:211,0
DA:212,0
DA:213,0
DA:215,0
DA:216,0
DA:218,0
DA:219,0
DA:223,0
DA:224,0
DA:226,0
DA:227,0
DA:229,0
DA:233,0
DA:236,0
DA:239,0
DA:240,0
DA:242,0
DA:244,0
DA:254,0
DA:257,0
DA:259,0
DA:261,0
DA:272,0
DA:278,0
DA:279,0
DA:281,0
DA:283,0
DA:284,0
DA:285,0
DA:286,0
DA:290,0
DA:299,0
DA:300,0
DA:301,0
DA:302,0
DA:303,0
DA:304,0
DA:307,0
DA:308,0
DA:312,1
DA:313,1
DA:314,2
DA:315,0
DA:316,0
DA:317,0
DA:320,1
DA:325,1
DA:327,2
DA:328,1
DA:329,3
DA:330,1
DA:331,1
DA:333,2
DA:334,1
DA:335,1
DA:339,1
DA:340,1
DA:341,2
DA:342,1
DA:344,1
DA:349,1
DA:350,1
DA:351,2
DA:352,2
DA:354,1
DA:355,3
DA:356,2
DA:357,1
DA:358,4
DA:359,1
DA:361,1
DA:364,1
DA:365,1
DA:368,1
DA:369,1
DA:372,1
DA:376,2
DA:377,2
DA:378,1
DA:380,1
DA:384,2
DA:390,0
DA:394,0
DA:395,0
DA:396,0
DA:398,0
DA:403,0
DA:405,0
DA:406,0
DA:407,0
DA:408,0
DA:409,0
DA:411,0
DA:413,0
DA:414,0
DA:415,0
DA:419,0
DA:420,0
DA:422,0
DA:426,0
DA:431,4
DA:433,3
DA:434,1
DA:435,1
DA:436,1
DA:446,0
DA:447,0
DA:448,0
DA:449,0
DA:450,0
DA:451,0
DA:454,0
DA:456,0
DA:457,0
DA:459,0
DA:461,0
DA:470,1
DA:471,1
DA:472,1
DA:473,1
DA:474,2
DA:477,1
DA:478,0
DA:479,0
DA:480,0
DA:485,3
DA:488,2
DA:489,2
DA:490,2
DA:491,2
DA:493,2
DA:494,2
DA:495,2
DA:497,2
DA:498,1
DA:499,2
DA:510,1
DA:511,1
DA:512,1
DA:513,1
DA:514,2
DA:517,1
DA:518,0
DA:519,0
DA:520,0
DA:523,1
DA:524,1
DA:525,2
DA:526,3
DA:527,2
DA:528,1
DA:529,2
DA:530,3
DA:531,3
DA:532,3
DA:535,4
DA:536,1
DA:537,3
DA:538,1
DA:539,1
DA:540,2
DA:545,1
DA:546,1
DA:547,1
DA:548,1
DA:550,2
DA:554,2
DA:555,2
DA:561,0
DA:562,0
DA:563,0
DA:567,0
DA:568,0
DA:569,0
DA:571,0
DA:573,0
DA:574,0
DA:576,0
DA:579,0
DA:581,0
DA:582,0
DA:583,0
DA:584,0
DA:589,0
DA:590,0
DA:591,0
DA:592,0
DA:597,0
DA:598,0
DA:600,0
DA:603,0
DA:608,1
DA:609,1
DA:610,3
DA:611,2
DA:612,1
DA:613,1
DA:614,1
DA:615,2
DA:619,1
DA:620,1
DA:621,0
DA:624,3
DA:625,1
DA:626,1
DA:628,2
DA:629,2
DA:630,1
DA:631,1
DA:632,1
DA:634,1
DA:636,1
DA:640,1
DA:641,1
DA:643,2
DA:645,1
DA:647,1
DA:650,1
DA:652,3
DA:653,1
DA:654,1
DA:659,1
DA:660,1
DA:661,1
DA:662,1
DA:664,1
DA:670,1
DA:673,1
DA:674,1
DA:675,0
DA:678,1
DA:679,1
DA:682,1
DA:683,1
DA:688,1
DA:689,1
DA:690,1
DA:691,2
DA:692,1
DA:693,1
DA:694,1
DA:695,2
DA:700,1
DA:701,1
DA:702,2
DA:703,2
DA:704,2
DA:705,0
DA:706,0
DA:708,0
DA:710,1
DA:711,1
DA:712,1
DA:715,1
DA:721,1
DA:724,1
DA:725,2
DA:726,2
DA:728,1
DA:729,1
DA:732,1
DA:733,1
DA:735,1
DA:736,1
DA:737,1
DA:738,0
DA:739,1
DA:740,1
DA:742,0
DA:746,1
LF:343
LH:194
end_of_record
TN:
SF:/home/runner/work/oxo-call/oxo-call/src/engine.rs
FN:120,WorkflowDef::from_file
FN:126,WorkflowDef::from_str_content
FN:155,wildcard_combinations
FN:179,substitute
FN:201,task_id
FN:211,uses_wildcards
FN:224,expand
FN:353,mtime
FN:358,is_up_to_date
FN:384,compute_phases
FN:410,format_elapsed
FN:427,print_dag_phases
FN:488,execute
FN:625,run_single_task
FN:670,print_task_dry_run
FN:701,to_snakemake
FN:816,to_nextflow
FN:930,<impl Display for DiagLevel>::fmt
FN:943,verify
FN:1081,print_verify_report
FN:1139,format_toml
FN:1225,visualize_workflow
FN:1310,verify_workflow_results
FNF:23
FNDA:0,WorkflowDef::from_file
FNDA:1,WorkflowDef::from_str_content
FNDA:1,wildcard_combinations
FNDA:1,substitute
FNDA:1,task_id
FNDA:1,uses_wildcards
FNDA:1,expand
FNDA:0,mtime
FNDA:0,is_up_to_date
FNDA:1,compute_phases
FNDA:1,format_elapsed
FNDA:0,print_dag_phases
FNDA:0,execute
FNDA:0,run_single_task
FNDA:0,print_task_dry_run
FNDA:0,to_snakemake
FNDA:0,to_nextflow
FNDA:0,<impl Display for DiagLevel>::fmt
FNDA:0,verify
FNDA:0,print_verify_report
FNDA:1,format_toml
FNDA:0,visualize_workflow
FNDA:0,verify_workflow_results
DA:120,0
DA:121,0
DA:122,0
DA:126,1
DA:127,1
DA:155,1
DA:156,1
DA:157,0
DA:159,1
DA:161,2
DA:162,2
DA:163,3
DA:164,2
DA:165,1
DA:166,2
DA:167,3
DA:168,1
DA:169,2
DA:170,1
DA:173,1
DA:175,1
DA:179,1
DA:184,1
DA:186,2
DA:187,2
DA:190,1
DA:191,2
DA:193,1
DA:194,1
DA:197,1
DA:201,1
DA:202,1
DA:203,0
DA:205,3
DA:206,2
DA:207,1
DA:211,1
DA:212,2
DA:213,1
DA:214,3
DA:215,2
DA:216,3
DA:224,1
DA:225,1
DA:226,1
DA:229,1
DA:231,2
DA:232,2
DA:234,2
DA:236,3
DA:237,1
DA:239,2
DA:242,2
DA:243,2
DA:245,2
DA:248,2
DA:250,1
DA:252,3
DA:256,1
DA:258,2
DA:259,1
DA:260,1
DA:261,1
DA:262,1
DA:263,1
DA:264,3
DA:270,1
DA:271,1
DA:272,2
DA:273,1
DA:278,1
DA:284,1
DA:285,1
DA:287,2
DA:288,1
DA:291,2
DA:292,1
DA:294,1
DA:297,2
DA:298,1
DA:299,1
DA:300,1
DA:301,1
DA:302,1
DA:303,3
DA:308,1
DA:309,1
DA:310,2
DA:311,1
DA:316,1
DA:323,1
DA:325,2
DA:326,1
DA:332,1
DA:335,3
DA:337,2
DA:338,2
DA:339,1
DA:340,0
DA:348,1
DA:353,0
DA:354,0
DA:358,0
DA:359,0
DA:360,0
DA:362,0
DA:365,0
DA:367,0
DA:369,0
DA:372,0
DA:374,0
DA:384,1
DA:385,1
DA:386,1
DA:387,2
DA:389,3
DA:390,2
DA:392,5
DA:394,2
DA:399,2
DA:400,2
DA:402,1
DA:403,1
DA:406,1
DA:410,1
DA:411,1
DA:412,1
DA:413,1
DA:414,1
DA:415,1
DA:417,1
DA:419,1
DA:420,1
DA:421,1
DA:427,0
DA:428,0
DA:429,0
DA:433,0
DA:434,0
DA:439,0
DA:441,0
DA:442,0
DA:445,0
DA:446,0
DA:447,0
DA:448,0
DA:450,0
DA:452,0
DA:453,0
DA:455,0
DA:459,0
DA:460,0
DA:461,0
DA:462,0
DA:465,0
DA:466,0
DA:470,0
DA:472,0
DA:473,0
DA:477,0
DA:488,0
DA:491,0
DA:492,0
DA:493,0
DA:496,0
DA:497,0
DA:499,0
DA:500,0
DA:507,0
DA:510,0
DA:512,0
DA:515,0
DA:517,0
DA:519,0
DA:520,0
DA:521,0
DA:523,0
DA:525,0
DA:527,0
DA:529,0
DA:532,0
DA:533,0
DA:534,0
DA:535,0
DA:536,0
DA:537,0
DA:539,0
DA:540,0
DA:544,0
DA:546,0
DA:549,0
DA:550,0
DA:551,0
DA:552,0
DA:558,0
DA:562,0
DA:565,0
DA:566,0
DA:567,0
DA:572,0
DA:573,0
DA:574,0
DA:575,0
DA:576,0
DA:577,0
DA:578,0
DA:587,0
DA:595,0
DA:600,0
DA:601,0
DA:602,0
DA:603,0
DA:604,0
DA:611,0
DA:620,0
DA:625,0
DA:629,0
DA:630,0
DA:633,0
DA:634,0
DA:637,0
DA:638,0
DA:639,0
DA:644,0
DA:645,0
DA:646,0
DA:649,0
DA:651,0
DA:653,0
DA:654,0
DA:655,0
DA:658,0
DA:659,0
DA:662,0
DA:666,0
DA:670,0
DA:671,0
DA:682,0
DA:683,0
DA:684,0
DA:686,0
DA:687,0
DA:689,0
DA:690,0
DA:692,0
DA:693,0
DA:695,0
DA:701,0
DA:702,0
DA:704,0
DA:708,0
DA:709,0
DA:711,0
DA:713,0
DA:716,0
DA:717,0
DA:718,0
DA:719,0
DA:720,0
DA:721,0
DA:722,0
DA:723,0
DA:725,0
DA:729,0
DA:732,0
DA:734,0
DA:737,0
DA:740,0
DA:741,0
DA:742,0
DA:743,0
DA:744,0
DA:747,0
DA:748,0
DA:749,0
DA:751,0
DA:753,0
DA:755,0
DA:760,0
DA:763,0
DA:764,0
DA:765,0
DA:766,0
DA:767,0
DA:768,0
DA:771,0
DA:772,0
DA:773,0
DA:774,0
DA:777,0
DA:778,0
DA:780,0
DA:781,0
DA:782,0
DA:783,0
DA:784,0
DA:786,0
DA:787,0
DA:788,0
DA:789,0
DA:792,0
DA:793,0
DA:797,0
DA:798,0
DA:801,0
DA:802,0
DA:803,0
DA:804,0
DA:805,0
DA:807,0
DA:810,0
DA:816,0
DA:817,0
DA:819,0
DA:820,0
DA:824,0
DA:825,0
DA:827,0
DA:828,0
DA:831,0
DA:832,0
DA:833,0
DA:834,0
DA:835,0
DA:837,0
DA:838,0
DA:840,0
DA:843,0
DA:844,0
DA:845,0
DA:846,0
DA:849,0
DA:850,0
DA:851,0
DA:852,0
DA:853,0
DA:855,0
DA:857,0
DA:861,0
DA:862,0
DA:863,0
DA:864,0
DA:865,0
DA:866,0
DA:869,0
DA:870,0
DA:871,0
DA:872,0
DA:875,0
DA:878,0
DA:879,0
DA:880,0
DA:881,0
DA:882,0
DA:884,0
DA:885,0
DA:886,0
DA:887,0
DA:890,0
DA:891,0
DA:895,0
DA:896,0
DA:897,0
DA:899,0
DA:900,0
DA:901,0
DA:902,0
DA:903,0
DA:904,0
DA:906,0
DA:909,0
DA:911,0
DA:930,0
DA:931,0
DA:932,0
DA:933,0
DA:943,0
DA:944,0
DA:947,0
DA:948,0
DA:950,0
DA:955,0
DA:956,0
DA:957,0
DA:958,0
DA:960,0
DA:963,0
DA:964,0
DA:966,0
DA:969,0
DA:970,0
DA:972,0
DA:978,0
DA:979,0
DA:980,0
DA:981,0
DA:982,0
DA:984,0
DA:991,0
DA:995,0
DA:997,0
DA:998,0
DA:999,0
DA:1000,0
DA:1001,0
DA:1003,0
DA:1005,0
DA:1016,0
DA:1017,0
DA:1018,0
DA:1020,0
DA:1021,0
DA:1022,0
DA:1023,0
DA:1025,0
DA:1026,0
DA:1027,0
DA:1028,0
DA:1030,0
DA:1032,0
DA:1033,0
DA:1034,0
DA:1035,0
DA:1036,0
DA:1037,0
DA:1039,0
DA:1045,0
DA:1046,0
DA:1047,0
DA:1049,0
DA:1051,0
DA:1057,0
DA:1061,0
DA:1067,0
DA:1068,0
DA:1070,0
DA:1072,0
DA:1076,0
DA:1081,0
DA:1082,0
DA:1085,0
DA:1088,0
DA:1096,0
DA:1097,0
DA:1098,0
DA:1101,0
DA:1102,0
DA:1103,0
DA:1104,0
DA:1105,0
DA:1106,0
DA:1108,0
DA:1109,0
DA:1110,0
DA:1113,0
DA:1115,0
DA:1116,0
DA:1130,0
DA:1139,1
DA:1140,1
DA:1143,1
DA:1144,1
DA:1145,1
DA:1146,0
DA:1148,2
DA:1149,0
DA:1151,1
DA:1154,1
DA:1155,0
DA:1156,0
DA:1157,0
DA:1158,0
DA:1159,0
DA:1160,0
DA:1161,0
DA:1163,0
DA:1167,2
DA:1168,0
DA:1169,0
DA:1170,0
DA:1171,0
DA:1172,0
DA:1174,0
DA:1178,2
DA:1179,1
DA:1180,1
DA:1181,1
DA:1182,0
DA:1184,2
DA:1185,2
DA:1187,2
DA:1188,0
DA:1189,0
DA:1192,1
DA:1193,3
DA:1195,0
DA:1196,0
DA:1197,0
DA:1199,0
DA:1201,1
DA:1203,2
DA:1204,0
DA:1205,0
DA:1207,2
DA:1208,0
DA:1209,0
DA:1211,2
DA:1215,1
DA:1216,1
DA:1225,0
DA:1226,0
DA:1227,0
DA:1229,0
DA:1230,0
DA:1242,0
DA:1243,0
DA:1247,0
DA:1248,0
DA:1249,0
DA:1250,0
DA:1251,0
DA:1252,0
DA:1253,0
DA:1254,0
DA:1255,0
DA:1257,0
DA:1259,0
DA:1264,0
DA:1265,0
DA:1266,0
DA:1267,0
DA:1270,0
DA:1271,0
DA:1272,0
DA:1279,0
DA:1280,0
DA:1281,0
DA:1282,0
DA:1283,0
DA:1284,0
DA:1286,0
DA:1288,0
DA:1297,0
DA:1298,0
DA:1310,0
DA:1316,0
DA:1317,0
DA:1318,0
DA:1322,0
DA:1323,0
DA:1325,0
DA:1326,0
DA:1327,0
DA:1328,0
DA:1330,0
DA:1336,0
DA:1339,0
DA:1340,0
DA:1341,0
DA:1342,0
DA:1346,0
DA:1347,0
DA:1351,0
DA:1353,0
DA:1354,0
DA:1355,0
DA:1356,0
DA:1357,0
DA:1358,0
DA:1359,0
DA:1362,0
DA:1364,0
DA:1366,0
DA:1367,0
DA:1368,0
DA:1370,0
DA:1371,0
DA:1372,0
DA:1381,0
DA:1382,0
DA:1383,0
DA:1384,0
DA:1391,0
DA:1392,0
DA:1393,0
DA:1395,0
DA:1396,0
DA:1397,0
DA:1398,0
DA:1399,0
DA:1402,0
DA:1403,0
DA:1404,0
DA:1405,0
DA:1406,0
DA:1409,0
LF:596
LH:141
end_of_record
TN:
SF:/home/runner/work/oxo-call/oxo-call/src/error.rs
FNF:0
DA:41,0
LF:1
LH:0
end_of_record
TN:
SF:/home/runner/work/oxo-call/oxo-call/src/handlers.rs
FN:12,with_source
FN:17,print_index_table
FN:39,config_verify_suggestions
FNF:3
FNDA:1,with_source
FNDA:0,print_index_table
FNDA:1,config_verify_suggestions
DA:12,1
DA:13,1
DA:17,0
DA:18,0
DA:25,0
DA:26,0
DA:27,0
DA:39,1
DA:40,1
DA:41,1
DA:42,1
DA:44,2
DA:45,1
DA:47,1
DA:49,1
DA:53,2
DA:54,1
DA:56,1
DA:59,3
DA:60,1
DA:62,1
DA:65,2
DA:66,1
DA:70,2
DA:71,1
DA:73,1
DA:76,2
DA:77,1
DA:79,1
DA:82,2
DA:83,1
DA:85,1
DA:89,2
DA:90,1
DA:92,1
DA:96,1
LF:36
LH:31
end_of_record
TN:
SF:/home/runner/work/oxo-call/oxo-call/src/history.rs
FN:41,HistoryStore::history_path
FN:45,HistoryStore::append
FN:60,HistoryStore::load_all
FN:79,HistoryStore::clear
FNF:4
FNDA:1,HistoryStore::history_path
FNDA:1,HistoryStore::append
FNDA:1,HistoryStore::load_all
FNDA:1,HistoryStore::clear
DA:41,1
DA:42,1
DA:45,1
DA:46,2
DA:47,2
DA:48,2
DA:50,2
DA:52,2
DA:55,1
DA:56,2
DA:57,1
DA:60,1
DA:61,1
DA:62,2
DA:63,2
DA:65,2
DA:66,1
DA:67,2
DA:68,2
DA:69,1
DA:72,2
DA:73,1
DA:76,1
DA:79,1
DA:80,1
DA:81,2
DA:82,1
DA:84,1
LF:28
LH:28
end_of_record
TN:
SF:/home/runner/work/oxo-call/oxo-call/src/index.rs
FN:27,DocIndex::index_path
FN:31,DocIndex::load
FN:41,DocIndex::save
FN:59,DocIndex::get
FN:63,DocIndex::upsert
FN:75,DocIndex::remove
FN:87,IndexManager::new
FN:100,IndexManager::add
FN:223,IndexManager::remove
FN:237,IndexManager::list
FNF:10
FNDA:1,DocIndex::index_path
FNDA:1,DocIndex::load
FNDA:1,DocIndex::save
FNDA:1,DocIndex::get
FNDA:1,DocIndex::upsert
FNDA:1,DocIndex::remove
FNDA:0,IndexManager::new
FNDA:0,IndexManager::add
FNDA:0,IndexManager::remove
FNDA:0,IndexManager::list
DA:27,1
DA:28,1
DA:31,1
DA:32,1
DA:33,2
DA:34,2
DA:36,2
DA:37,2
DA:38,1
DA:41,1
DA:42,1
DA:43,2
DA:45,1
DA:46,1
DA:47,1
DA:52,2
DA:53,2
DA:54,1
DA:55,1
DA:59,1
DA:60,3
DA:63,1
DA:64,3
DA:67,3
DA:69,1
DA:71,2
DA:75,1
DA:76,1
DA:77,3
DA:78,1
DA:87,0
DA:89,0
DA:100,0
DA:107,0
DA:109,0
DA:110,0
DA:111,0
DA:114,0
DA:115,0
DA:116,0
DA:117,0
DA:119,0
DA:120,0
DA:121,0
DA:122,0
DA:123,0
DA:125,0
DA:126,0
DA:127,0
DA:128,0
DA:129,0
DA:138,0
DA:139,0
DA:140,0
DA:145,0
DA:146,0
DA:147,0
DA:148,0
DA:149,0
DA:150,0
DA:151,0
DA:152,0
DA:154,0
DA:155,0
DA:156,0
DA:162,0
DA:163,0
DA:164,0
DA:165,0
DA:166,0
DA:167,0
DA:168,0
DA:169,0
DA:171,0
DA:172,0
DA:173,0
DA:179,0
DA:180,0
DA:181,0
DA:182,0
DA:183,0
DA:184,0
DA:185,0
DA:186,0
DA:188,0
DA:189,0
DA:190,0
DA:195,0
DA:197,0
DA:198,0
DA:205,0
DA:208,0
DA:210,0
DA:211,0
DA:215,0
DA:216,0
DA:217,0
DA:219,0
DA:223,0
DA:224,0
DA:225,0
DA:226,0
DA:227,0
DA:231,0
DA:232,0
DA:233,0
DA:237,0
DA:238,0
DA:239,0
LF:109
LH:30
end_of_record
TN:
SF:/home/runner/work/oxo-call/oxo-call/src/license.rs
FN:53,<impl Display for LicenseType>::fmt
FN:156,verify_license
FN:164,verify_license_with_key
FN:208,legacy_unix_license_path_from_home
FN:212,default_license_candidates_from
FN:231,default_license_candidates
FN:247,find_license_path
FN:265,load_and_verify
FNF:8
FNDA:0,<impl Display for LicenseType>::fmt
FNDA:0,verify_license
FNDA:1,verify_license_with_key
FNDA:1,legacy_unix_license_path_from_home
FNDA:1,default_license_candidates_from
FNDA:0,default_license_candidates
FNDA:1,find_license_path
FNDA:1,load_and_verify
DA:53,0
DA:54,0
DA:55,0
DA:56,0
DA:156,0
DA:157,0
DA:164,1
DA:169,1
DA:170,1
DA:171,1
DA:172,1
DA:177,1
DA:178,1
DA:179,1
DA:180,2
DA:182,1
DA:183,2
DA:184,1
DA:187,1
DA:188,1
DA:189,1
DA:190,2
DA:191,0
DA:193,1
DA:196,1
DA:199,2
DA:200,2
DA:201,4
DA:203,1
DA:208,1
DA:209,3
DA:212,1
DA:216,1
DA:218,1
DA:219,2
DA:222,3
DA:223,2
DA:225,1
DA:228,1
DA:231,0
DA:233,0
DA:234,0
DA:237,0
DA:238,0
DA:247,1
DA:248,1
DA:249,1
DA:251,0
DA:252,0
DA:254,0
DA:255,0
DA:257,0
DA:259,0
DA:265,1
DA:266,1
DA:268,2
DA:269,1
DA:272,2
DA:273,0
DA:274,0
DA:277,3
DA:279,0
DA:281,0
LF:63
LH:41
end_of_record
TN:
SF:/home/runner/work/oxo-call/oxo-call/src/llm.rs
FNF:0
DA:128,0
DA:129,0
DA:131,0
DA:136,0
DA:137,0
DA:138,0
DA:139,0
DA:144,0
DA:145,0
DA:146,0
DA:149,0
DA:152,0
DA:170,0
DA:177,1
DA:178,1
DA:208,1
DA:216,1
DA:224,2
DA:226,2
DA:227,2
DA:229,2
DA:231,1
DA:232,1
DA:233,1
DA:234,1
DA:237,2
DA:238,1
DA:239,1
DA:240,1
DA:241,1
DA:242,2
DA:245,1
DA:249,1
DA:252,1
DA:271,1
DA:275,1
DA:276,1
DA:277,1
DA:278,1
DA:279,1
DA:287,1
DA:289,2
DA:290,2
DA:291,2
DA:292,3
DA:293,2
DA:294,3
DA:295,1
DA:297,3
DA:298,2
DA:299,1
DA:300,3
DA:301,1
DA:302,3
DA:303,1
DA:304,3
DA:305,1
DA:306,3
DA:309,1
DA:310,2
DA:311,2
DA:317,1
DA:343,0
DA:344,0
DA:362,0
DA:363,0
DA:382,0
DA:383,0
DA:402,0
DA:403,0
DA:405,0
DA:407,0
DA:409,0
DA:412,0
DA:413,0
DA:415,0
DA:417,0
DA:421,0
DA:422,0
DA:423,0
DA:424,0
DA:425,0
DA:433,0
DA:435,0
DA:436,0
DA:437,0
DA:438,0
DA:439,0
DA:440,0
DA:441,0
DA:442,0
DA:443,0
DA:444,0
DA:445,0
DA:446,0
DA:447,0
DA:448,0
DA:451,0
DA:452,0
DA:453,0
DA:468,0
DA:475,0
DA:476,0
DA:494,0
DA:498,0
DA:504,0
DA:520,0
DA:522,0
DA:523,0
DA:524,0
DA:526,0
DA:529,0
DA:530,0
DA:532,0
DA:533,0
DA:536,0
DA:538,0
DA:539,0
DA:548,0
DA:556,0
DA:557,0
DA:558,0
DA:559,0
DA:560,0
DA:561,0
DA:562,0
DA:564,0
DA:565,0
DA:566,0
DA:567,0
DA:577,0
DA:585,0
DA:586,0
DA:589,0
DA:590,0
DA:591,0
DA:592,0
DA:593,0
DA:598,0
DA:606,0
DA:622,0
DA:625,0
DA:627,0
DA:628,0
DA:632,0
DA:634,0
DA:639,0
DA:640,0
DA:641,0
DA:644,0
DA:650,0
DA:651,0
DA:656,0
DA:661,0
DA:675,0
DA:676,0
DA:677,0
DA:678,0
DA:679,0
DA:680,0
DA:681,0
DA:682,0
DA:684,0
DA:685,0
DA:697,0
DA:700,0
DA:701,0
DA:702,0
DA:703,0
DA:705,0
DA:710,0
DA:711,0
DA:713,0
DA:714,0
DA:715,0
DA:716,0
DA:718,0
DA:719,0
DA:720,0
DA:727,0
DA:728,0
DA:731,0
DA:733,0
DA:736,0
DA:737,0
DA:738,0
DA:739,0
DA:740,0
DA:743,0
DA:744,0
DA:746,0
DA:747,0
DA:749,0
DA:750,0
DA:751,0
DA:752,0
DA:755,0
DA:757,0
DA:758,0
DA:760,0
DA:762,0
DA:763,0
DA:764,0
DA:771,0
DA:783,0
DA:784,0
DA:786,0
DA:787,0
DA:791,0
DA:792,0
DA:801,0
DA:809,0
DA:810,0
DA:812,0
DA:813,0
DA:817,0
DA:819,0
DA:826,0
DA:834,0
DA:835,0
DA:837,0
DA:838,0
DA:842,0
DA:843,0
DA:851,0
DA:859,0
DA:866,0
DA:867,0
DA:868,0
DA:870,0
DA:871,0
DA:872,0
DA:873,0
DA:874,0
DA:875,0
DA:876,0
DA:879,0
DA:880,0
DA:882,0
DA:886,0
DA:887,0
DA:888,0
DA:890,0
DA:891,0
DA:892,0
DA:893,0
DA:894,0
DA:899,0
DA:900,0
DA:903,0
DA:905,0
DA:906,0
DA:907,0
DA:908,0
DA:914,1
DA:916,1
DA:922,1
DA:923,1
DA:924,1
DA:925,1
DA:928,1
DA:929,1
DA:930,1
DA:931,1
DA:932,2
DA:934,1
DA:935,1
DA:936,2
DA:937,1
DA:939,2
DA:940,1
DA:942,2
DA:943,2
DA:944,1
DA:945,1
DA:948,1
DA:949,1
DA:950,1
DA:953,2
DA:957,2
DA:958,2
DA:961,1
LF:282
LH:77
end_of_record
TN:
SF:/home/runner/work/oxo-call/oxo-call/src/mcp.rs
FN:86,McpClient::new
FN:101,McpClient::endpoint
FN:113,McpClient::send
FNF:3
FNDA:0,McpClient::new
FNDA:0,McpClient::endpoint
FNDA:0,McpClient::send
DA:86,0
DA:90,0
DA:101,0
DA:102,0
DA:103,0
DA:104,0
DA:106,0
DA:113,0
DA:121,0
DA:123,0
DA:127,0
DA:129,0
DA:130,0
DA:133,0
DA:134,0
DA:136,0
DA:140,0
DA:141,0
DA:143,0
DA:144,0
DA:148,0
DA:149,0
DA:151,0
DA:155,0
DA:156,0
DA:158,0
DA:162,0
DA:163,0
DA:165,0
DA:176,0
DA:177,0
DA:186,0
DA:187,0
DA:189,0
DA:191,0
DA:195,0
DA:212,0
DA:213,0
DA:214,0
DA:215,0
DA:216,0
DA:219,0
DA:220,0
DA:221,0
DA:222,0
DA:223,0
DA:224,0
DA:226,0
DA:227,0
DA:228,0
DA:229,0
DA:230,0
DA:232,0
DA:233,0
DA:234,0
DA:235,0
DA:236,0
DA:240,0
DA:253,0
DA:254,0
DA:255,0
DA:259,0
DA:260,0
DA:261,0
DA:262,0
DA:264,0
DA:267,0
DA:269,0
DA:280,0
DA:282,0
DA:283,0
DA:284,0
DA:288,0
DA:289,0
DA:290,0
DA:291,0
DA:292,0
DA:294,0
DA:298,0
LF:79
LH:0
end_of_record
TN:
SF:/home/runner/work/oxo-call/oxo-call/src/runner.rs
FN:59,Runner::new
FN:73,Runner::with_verbose
FN:79,Runner::with_no_cache
FN:85,Runner::with_verify
FN:91,Runner::with_optimize_task
FN:97,Runner::resolve_docs
FN:107,Runner::prepare
FN:231,Runner::generate_command
FN:242,Runner::dry_run
FN:293,Runner::run
FN:466,Runner::run_verification
FN:551,build_command_string
FN:570,needs_quoting
FN:593,sha256_hex
FN:607,detect_tool_version
FNF:15
FNDA:0,Runner::new
FNDA:0,Runner::with_verbose
FNDA:0,Runner::with_no_cache
FNDA:0,Runner::with_verify
FNDA:0,Runner::with_optimize_task
FNDA:0,Runner::resolve_docs
FNDA:0,Runner::prepare
FNDA:0,Runner::generate_command
FNDA:0,Runner::dry_run
FNDA:0,Runner::run
FNDA:0,Runner::run_verification
FNDA:0,build_command_string
FNDA:0,needs_quoting
FNDA:0,sha256_hex
FNDA:0,detect_tool_version
DA:59,0
DA:61,0
DA:62,0
DA:63,0
DA:73,0
DA:74,0
DA:75,0
DA:79,0
DA:80,0
DA:81,0
DA:85,0
DA:86,0
DA:87,0
DA:91,0
DA:92,0
DA:93,0
DA:97,0
DA:98,0
DA:99,0
DA:101,0
DA:103,0
DA:107,0
DA:108,0
DA:109,0
DA:110,0
DA:111,0
DA:112,0
DA:114,0
DA:115,0
DA:116,0
DA:120,0
DA:121,0
DA:133,0
DA:136,0
DA:137,0
DA:138,0
DA:139,0
DA:140,0
DA:141,0
DA:143,0
DA:144,0
DA:145,0
DA:146,0
DA:152,0
DA:155,0
DA:156,0
DA:162,0
DA:164,0
DA:168,0
DA:171,0
DA:172,0
DA:173,0
DA:175,0
DA:178,0
DA:179,0
DA:180,0
DA:189,0
DA:191,0
DA:201,0
DA:204,0
DA:206,0
DA:207,0
DA:209,0
DA:210,0
DA:211,0
DA:213,0
DA:214,0
DA:215,0
DA:219,0
DA:221,0
DA:222,0
DA:223,0
DA:231,0
DA:232,0
DA:233,0
DA:234,0
DA:235,0
DA:236,0
DA:237,0
DA:242,0
DA:243,0
DA:244,0
DA:246,0
DA:247,0
DA:256,0
DA:258,0
DA:259,0
DA:262,0
DA:263,0
DA:264,0
DA:265,0
DA:266,0
DA:267,0
DA:273,0
DA:274,0
DA:275,0
DA:276,0
DA:277,0
DA:278,0
DA:279,0
DA:280,0
DA:281,0
DA:283,0
DA:284,0
DA:289,0
DA:293,0
DA:294,0
DA:295,0
DA:297,0
DA:298,0
DA:299,0
DA:300,0
DA:301,0
DA:302,0
DA:303,0
DA:309,0
DA:310,0
DA:311,0
DA:312,0
DA:313,0
DA:314,0
DA:315,0
DA:316,0
DA:317,0
DA:321,0
DA:322,0
DA:324,0
DA:325,0
DA:326,0
DA:327,0
DA:328,0
DA:329,0
DA:330,0
DA:334,0
DA:335,0
DA:336,0
DA:337,0
DA:338,0
DA:339,0
DA:352,0
DA:353,0
DA:354,0
DA:356,0
DA:360,0
DA:361,0
DA:363,0
DA:364,0
DA:365,0
DA:366,0
DA:368,0
DA:369,0
DA:371,0
DA:372,0
DA:373,0
DA:374,0
DA:378,0
DA:382,0
DA:383,0
DA:384,0
DA:385,0
DA:387,0
DA:389,0
DA:396,0
DA:398,0
DA:399,0
DA:410,0
DA:412,0
DA:414,0
DA:415,0
DA:416,0
DA:417,0
DA:423,0
DA:429,0
DA:433,0
DA:434,0
DA:435,0
DA:436,0
DA:437,0
DA:438,0
DA:439,0
DA:440,0
DA:441,0
DA:443,0
DA:446,0
DA:466,0
DA:468,0
DA:469,0
DA:470,0
DA:471,0
DA:472,0
DA:473,0
DA:474,0
DA:477,0
DA:479,0
DA:481,0
DA:482,0
DA:483,0
DA:487,0
DA:488,0
DA:490,0
DA:491,0
DA:493,0
DA:494,0
DA:495,0
DA:497,0
DA:498,0
DA:499,0
DA:508,0
DA:510,0
DA:518,0
DA:522,0
DA:523,0
DA:524,0
DA:525,0
DA:527,0
DA:529,0
DA:530,0
DA:531,0
DA:533,0
DA:534,0
DA:535,0
DA:536,0
DA:537,0
DA:540,0
DA:541,0
DA:542,0
DA:543,0
DA:544,0
DA:547,0
DA:551,0
DA:552,0
DA:553,0
DA:557,0
DA:559,0
DA:560,0
DA:562,0
DA:566,0
DA:570,0
DA:571,0
DA:572,0
DA:573,0
DA:574,0
DA:575,0
DA:576,0
DA:577,0
DA:578,0
DA:579,0
DA:580,0
DA:581,0
DA:582,0
DA:583,0
DA:584,0
DA:585,0
DA:593,0
DA:595,0
DA:596,0
DA:597,0
DA:598,0
DA:600,0
DA:601,0
DA:607,0
DA:608,0
DA:612,0
DA:613,0
DA:614,0
DA:615,0
DA:617,0
DA:618,0
DA:619,0
DA:621,0
DA:628,0
DA:629,0
DA:630,0
DA:631,0
DA:632,0
DA:634,0
DA:635,0
DA:636,0
DA:666,1
DA:668,1
DA:669,1
DA:671,2
DA:672,1
DA:673,2
DA:674,1
DA:678,1
DA:679,2
DA:680,2
DA:681,1
DA:682,1
DA:683,2
DA:685,1
DA:688,1
DA:689,1
DA:690,1
DA:694,1
DA:698,1
DA:699,1
DA:700,1
DA:701,1
DA:702,1
DA:704,1
DA:709,1
DA:710,3
DA:711,1
DA:712,1
LF:306
LH:28
end_of_record
TN:
SF:/home/runner/work/oxo-call/oxo-call/src/sanitize.rs
FN:14,redact_paths
FN:62,redact_env_tokens
FNF:2
FNDA:1,redact_paths
FNDA:1,redact_env_tokens
DA:14,1
DA:17,1
DA:18,2
DA:20,1
DA:22,1
DA:23,1
DA:24,4
DA:27,2
DA:28,2
DA:31,1
DA:32,1
DA:33,1
DA:34,1
DA:35,2
DA:38,1
DA:39,1
DA:42,3
DA:43,2
DA:45,0
DA:49,0
DA:51,2
DA:55,1
DA:62,1
DA:63,1
DA:64,2
DA:65,3
DA:67,2
DA:68,2
DA:70,0
DA:73,1
DA:75,2
DA:76,2
DA:78,2
DA:80,1
LF:34
LH:31
end_of_record
TN:
SF:/home/runner/work/oxo-call/oxo-call/src/server.rs
FN:36,<impl Display for ServerType>::fmt
FN:46,<impl FromStr for ServerType>::from_str
FN:80,ServerHost::ssh_dest
FN:88,ServerHost::ssh_args
FN:128,parse_ssh_config
FN:140,dirs_ssh_config
FN:153,is_concrete_alias
FN:157,parse_ssh_config_content
FN:230,ServerManager::new
FN:235,ServerManager::list
FN:240,ServerManager::find
FN:245,ServerManager::add
FN:259,ServerManager::remove
FN:276,ServerManager::get_active
FN:285,ServerManager::set_active
FN:297,ServerManager::clear_active
FN:305,ServerManager::check_connection
FN:331,ServerManager::detect_scheduler
FN:358,ServerManager::is_compute_command
FN:398,ServerManager::is_login_safe_command
FN:451,parse_selection
FNF:21
FNDA:1,<impl Display for ServerType>::fmt
FNDA:1,<impl FromStr for ServerType>::from_str
FNDA:1,ServerHost::ssh_dest
FNDA:1,ServerHost::ssh_args
FNDA:0,parse_ssh_config
FNDA:0,dirs_ssh_config
FNDA:1,is_concrete_alias
FNDA:1,parse_ssh_config_content
FNDA:0,ServerManager::new
FNDA:0,ServerManager::list
FNDA:1,ServerManager::find
FNDA:0,ServerManager::add
FNDA:0,ServerManager::remove
FNDA:1,ServerManager::get_active
FNDA:1,ServerManager::set_active
FNDA:0,ServerManager::clear_active
FNDA:0,ServerManager::check_connection
FNDA:0,ServerManager::detect_scheduler
FNDA:1,ServerManager::is_compute_command
FNDA:1,ServerManager::is_login_safe_command
FNDA:1,parse_selection
DA:36,1
DA:37,1
DA:38,1
DA:39,1
DA:46,1
DA:47,2
DA:48,1
DA:49,1
DA:50,1
DA:80,1
DA:81,1
DA:82,1
DA:83,1
DA:88,1
DA:89,1
DA:90,1
DA:91,2
DA:92,1
DA:94,2
DA:95,2
DA:96,1
DA:98,2
DA:99,1
DA:128,0
DA:129,0
DA:130,0
DA:131,0
DA:133,0
DA:134,0
DA:135,0
DA:137,0
DA:140,0
DA:143,0
DA:144,0
DA:145,0
DA:153,1
DA:154,1
DA:157,1
DA:158,1
DA:159,1
DA:161,2
DA:162,2
DA:163,1
DA:168,4
DA:169,1
DA:173,2
DA:174,2
DA:176,3
DA:177,2
DA:179,1
DA:181,1
DA:182,1
DA:183,1
DA:184,1
DA:186,1
DA:189,2
DA:190,3
DA:191,1
DA:194,2
DA:195,3
DA:196,1
DA:199,2
DA:200,3
DA:201,1
DA:204,2
DA:205,2
DA:206,1
DA:214,1
DA:215,2
DA:217,0
DA:220,1
DA:230,0
DA:235,0
DA:236,0
DA:240,1
DA:241,3
DA:245,0
DA:246,0
DA:247,0
DA:252,0
DA:253,0
DA:254,0
DA:259,0
DA:260,0
DA:261,0
DA:262,0
DA:263,0
DA:268,0
DA:269,0
DA:271,0
DA:272,0
DA:276,1
DA:277,1
DA:281,3
DA:285,1
DA:286,1
DA:287,1
DA:291,0
DA:292,0
DA:293,0
DA:297,0
DA:298,0
DA:299,0
DA:300,0
DA:305,0
DA:306,0
DA:307,0
DA:308,0
DA:311,0
DA:320,0
DA:321,0
DA:322,0
DA:323,0
DA:325,0
DA:331,0
DA:332,0
DA:333,0
DA:334,0
DA:335,0
DA:336,0
DA:337,0
DA:340,0
DA:341,0
DA:342,0
DA:343,0
DA:345,0
DA:347,0
DA:348,0
DA:350,0
DA:353,0
DA:358,1
DA:359,1
DA:390,1
DA:391,1
DA:393,3
DA:398,1
DA:399,1
DA:437,1
DA:438,1
DA:439,1
DA:451,1
DA:452,1
DA:453,3
DA:454,1
DA:456,1
DA:457,2
DA:458,2
DA:459,1
DA:462,1
DA:463,2
DA:464,1
DA:465,1
DA:466,1
DA:470,2
DA:471,1
DA:472,1
DA:474,1
DA:477,1
LF:158
LH:94
end_of_record
TN:
SF:/home/runner/work/oxo-call/oxo-call/src/skill.rs
FN:129,parse_skill_md
FN:158,parse_yaml_frontmatter
FN:213,yaml_unquote
FN:225,parse_skill_body
FN:245,parse_skill_body::flush_example
FN:546,Skill::to_prompt_section
FN:588,SkillManager::new
FN:603,SkillManager::load
FNF:8
FNDA:1,parse_skill_md
FNDA:1,parse_yaml_frontmatter
FNDA:1,yaml_unquote
FNDA:1,parse_skill_body
FNDA:1,parse_skill_body::flush_example
FNDA:0,Skill::to_prompt_section
FNDA:1,SkillManager::new
FNDA:1,SkillManager::load
DA:129,1
DA:130,1
DA:133,1
DA:135,3
DA:138,1
DA:139,1
DA:140,1
DA:143,1
DA:144,1
DA:146,1
DA:147,2
DA:149,1
DA:150,1
DA:158,1
DA:159,1
DA:161,2
DA:162,2
DA:163,1
DA:167,1
DA:170,1
DA:171,1
DA:174,3
DA:175,4
DA:176,4
DA:177,2
DA:178,2
DA:179,3
DA:180,0
DA:182,2
DA:185,2
DA:188,2
DA:189,1
DA:190,3
DA:191,0
DA:193,2
DA:196,2
DA:198,1
DA:199,2
DA:200,1
DA:201,3
DA:202,3
DA:203,1
DA:209,1
DA:213,1
DA:214,1
DA:215,1
DA:216,2
DA:217,2
DA:218,2
DA:221,1
DA:225,1
DA:234,1
DA:235,1
DA:236,1
DA:237,1
DA:240,1
DA:241,1
DA:242,1
DA:245,1
DA:251,3
DA:252,1
DA:260,2
DA:261,2
DA:265,1
DA:266,1
DA:267,1
DA:269,2
DA:270,1
DA:271,1
DA:273,2
DA:274,1
DA:275,1
DA:280,1
DA:282,2
DA:283,1
DA:287,2
DA:288,1
DA:292,3
DA:294,1
DA:295,1
DA:296,3
DA:298,2
DA:299,1
DA:300,3
DA:301,1
DA:309,1
DA:311,1
DA:546,0
DA:547,0
DA:549,0
DA:550,0
DA:551,0
DA:552,0
DA:554,0
DA:557,0
DA:558,0
DA:559,0
DA:560,0
DA:562,0
DA:565,0
DA:566,0
DA:567,0
DA:568,0
DA:569,0
DA:570,0
DA:571,0
DA:572,0
DA:576,0
DA:588,1
DA:603,1
DA:604,1
DA:605,2
DA:606,3
DA:607,3
DA:618,0
DA:619,0
DA:621,0
DA:622,0
DA:625,0
DA:626,0
DA:629,0
DA:630,0
DA:633,0
DA:644,1
DA:645,1
DA:646,2
DA:648,3
DA:649,3
DA:650,1
DA:651,0
DA:652,0
DA:659,1
DA:660,1
DA:662,2
DA:663,2
DA:664,1
DA:665,3
DA:670,1
DA:671,1
DA:673,2
DA:674,2
DA:675,1
DA:676,3
DA:682,1
DA:683,1
DA:684,1
DA:686,0
DA:687,0
DA:689,0
DA:690,0
DA:691,0
DA:693,0
DA:694,0
DA:697,0
DA:698,0
DA:705,0
DA:708,0
DA:709,0
DA:710,0
DA:711,0
DA:712,0
DA:715,0
DA:716,0
DA:720,0
DA:729,0
DA:730,0
DA:734,0
DA:735,0
DA:739,0
DA:740,0
DA:741,0
DA:742,0
DA:743,0
DA:745,0
DA:751,0
DA:752,0
DA:753,0
DA:754,0
DA:755,0
DA:757,0
DA:762,0
DA:763,0
DA:764,0
DA:774,0
DA:778,0
DA:783,0
DA:784,0
DA:785,0
DA:786,0
DA:787,0
DA:792,0
DA:793,0
DA:798,0
DA:799,0
DA:800,0
DA:815,0
DA:816,0
DA:817,0
DA:818,0
DA:827,0
DA:828,0
DA:829,0
DA:830,0
DA:832,0
DA:835,0
DA:838,0
DA:839,0
DA:840,0
DA:841,0
DA:843,0
DA:847,0
DA:848,0
DA:851,0
DA:852,0
DA:853,0
DA:854,0
DA:855,0
DA:860,0
DA:861,0
DA:864,0
DA:869,0
DA:871,0
DA:872,0
DA:874,0
DA:875,0
DA:876,0
DA:877,0
DA:878,0
DA:881,0
DA:882,0
DA:883,0
DA:884,0
DA:885,0
DA:888,0
DA:896,0
DA:897,0
DA:935,1
DA:936,1
DA:939,1
DA:940,1
DA:947,0
DA:948,0
DA:949,0
DA:950,0
DA:951,0
DA:952,0
DA:953,0
DA:954,0
DA:955,0
DA:959,0
DA:983,1
DA:984,1
DA:985,2
DA:986,1
DA:989,1
DA:993,2
DA:994,1
DA:997,1
DA:1001,2
DA:1002,1
DA:1005,1
DA:1009,1
LF:262
LH:128
end_of_record
TN:
SF:/home/runner/work/oxo-call/oxo-call/src/workflow.rs
FN:112,find_template
FNF:1
FNDA:1,find_template
DA:112,1
DA:113,1
DA:115,3
DA:224,1
DA:225,1
DA:226,1
DA:227,1
DA:229,1
DA:230,0
DA:233,1
DA:236,2
DA:240,2
DA:241,1
DA:244,1
DA:245,1
DA:246,1
DA:247,1
DA:258,0
DA:266,0
DA:267,0
DA:268,0
DA:271,0
DA:272,0
DA:273,0
DA:274,0
DA:276,0
DA:277,0
DA:278,0
DA:282,0
DA:283,0
DA:285,0
DA:289,0
DA:290,0
DA:291,0
DA:292,0
DA:293,0
DA:295,0
DA:300,0
DA:301,0
DA:302,0
DA:305,0
DA:311,0
DA:314,0
DA:316,0
DA:318,0
DA:319,0
DA:320,0
DA:321,0
DA:323,0
DA:324,0
DA:326,0
DA:327,0
DA:328,0
DA:330,0
DA:331,0
DA:332,0
DA:337,0
DA:339,0
DA:340,0
DA:342,0
DA:345,0
DA:348,0
DA:349,0
DA:353,0
DA:354,0
DA:355,0
DA:356,0
DA:358,0
DA:359,0
DA:363,0
DA:367,0
DA:373,0
DA:374,0
DA:375,0
DA:376,0
DA:378,0
DA:379,0
DA:381,0
DA:383,0
DA:385,0
DA:386,0
DA:389,0
DA:390,0
DA:397,0
DA:398,0
DA:404,0
DA:405,0
DA:406,0
DA:408,0
DA:409,0
DA:413,0
DA:417,0
DA:421,0
DA:429,0
DA:430,0
DA:431,0
DA:432,0
DA:433,0
DA:434,0
DA:435,0
DA:436,0
DA:437,0
DA:438,0
DA:439,0
DA:440,0
DA:441,0
DA:463,1
DA:466,1
DA:467,1
DA:468,1
DA:469,1
DA:470,1
DA:471,1
DA:472,1
DA:473,1
DA:475,2
DA:476,1
DA:477,1
DA:480,3
DA:481,1
DA:482,2
DA:485,1
DA:487,3
DA:490,2
DA:493,1
DA:494,1
DA:498,2
DA:499,3
DA:500,2
DA:501,1
DA:502,1
DA:504,1
DA:508,2
DA:512,1
DA:513,2
DA:514,2
DA:517,3
DA:518,2
DA:519,1
DA:520,1
DA:522,1
DA:524,4
DA:525,1
DA:526,2
DA:527,1
DA:528,2
DA:529,2
DA:531,5
DA:532,1
DA:533,2
DA:534,1
DA:538,1
DA:539,1
DA:542,3
DA:543,2
DA:544,2
DA:545,1
DA:546,2
DA:548,2
DA:550,1
DA:551,2
DA:553,2
DA:556,1
DA:559,1
DA:561,1
DA:562,1
DA:563,2
DA:564,2
DA:565,1
DA:566,1
DA:567,1
DA:571,1
DA:574,1
DA:576,1
DA:577,1
DA:578,2
DA:579,3
DA:580,1
DA:583,1
DA:588,1
DA:589,1
DA:590,1
DA:592,2
DA:594,3
DA:599,2
DA:600,2
DA:602,2
DA:604,3
DA:609,2
DA:625,2
DA:627,1
DA:640,0
DA:648,0
DA:649,0
DA:650,0
DA:653,0
DA:654,0
DA:655,0
DA:658,0
DA:659,0
DA:660,0
DA:661,0
DA:663,0
DA:664,0
DA:665,0
DA:669,0
DA:670,0
DA:672,0
DA:676,0
DA:677,0
DA:678,0
DA:679,0
DA:680,0
DA:682,0
DA:687,0
DA:688,0
DA:689,0
DA:692,0
DA:698,0
DA:701,0
DA:703,0
DA:705,0
DA:706,0
DA:707,0
DA:708,0
DA:710,0
DA:711,0
DA:713,0
DA:714,0
DA:715,0
DA:717,0
DA:718,0
DA:719,0
DA:724,0
DA:726,0
DA:727,0
DA:729,0
DA:732,0
DA:735,0
DA:736,0
DA:740,0
DA:741,0
DA:742,0
DA:743,0
DA:745,0
DA:746,0
DA:750,0
DA:754,0
DA:760,0
DA:761,0
DA:762,0
DA:763,0
DA:765,0
DA:766,0
DA:768,0
DA:770,0
DA:772,0
DA:773,0
DA:776,0
DA:777,0
LF:260
LH:101
end_of_record
